<?xml version="1.0" encoding="UTF-8"?>
<!-- Generated by org.testng.reporters.JUnitReportReporter -->
<testsuite hostname="DESKTOP-STK28R4" failures="0" tests="1" name="TestScripts.EventTest" time="9.336" errors="0" timestamp="2025-06-24T13:49:03 IST" skipped="0">
  <testcase classname="TestScripts.EventTest" name="addEvent" time="9.336"/>
</testsuite> <!-- TestScripts.EventTest -->
