<?xml version="1.0" encoding="UTF-8"?>
<!-- Generated by org.testng.reporters.JUnitReportReporter -->
<testsuite hostname="DESKTOP-STK28R4" failures="0" tests="1" name="TestScripts.NotesTest" time="14.052" errors="0" timestamp="2025-07-17T11:23:07 IST" skipped="0">
  <testcase classname="TestScripts.NotesTest" name="addNotes" time="14.052"/>
</testsuite> <!-- TestScripts.NotesTest -->
