<?xml version="1.0" encoding="UTF-8"?>
<!-- Generated by org.testng.reporters.JUnitReportReporter -->
<testsuite hostname="DESKTOP-STK28R4" failures="0" tests="1" name="TestScripts.LoginTest" time="6.793" errors="0" timestamp="2025-07-20T12:45:31 IST" skipped="0">
  <testcase classname="TestScripts.LoginTest" name="login" time="6.793"/>
</testsuite> <!-- TestScripts.LoginTest -->
