<?xml version="1.0" encoding="UTF-8"?>
<!-- Generated by org.testng.reporters.JUnitReportReporter -->
<testsuite hostname="DESKTOP-STK28R4" failures="0" tests="1" name="TestScripts.LoginTest" time="7.250" errors="0" timestamp="2025-06-18T14:05:43 IST" skipped="0">
  <testcase classname="TestScripts.LoginTest" name="login" time="7.250"/>
</testsuite> <!-- TestScripts.LoginTest -->
